<?xml version="1.0" encoding="UTF-8"?>
<!-- Generated by org.testng.reporters.JUnitReportReporter -->
<testsuite hostname="cgvak-lt271" failures="0" tests="1" name="sauceproject.testcase.productcataloguetest" time="1.671" errors="0" timestamp="3 Oct 2024 07:10:14 GMT">
  <testcase classname="sauceproject.testcase.productcataloguetest" name="getproductsdromlist" time="1.671"/>
</testsuite> <!-- sauceproject.testcase.productcataloguetest -->
