<?xml version="1.0" encoding="UTF-8"?>
<!-- Generated by org.testng.reporters.JUnitReportReporter -->
<testsuite hostname="cgvak-lt271" failures="0" tests="2" name="sauceproject.testcase.LoginPageTest" time="2.913" errors="0" timestamp="3 Oct 2024 07:10:14 GMT">
  <testcase classname="sauceproject.testcase.LoginPageTest" name="logintest" time="1.541"/>
  <testcase classname="sauceproject.testcase.LoginPageTest" name="loginPageTitleTest" time="1.372"/>
</testsuite> <!-- sauceproject.testcase.LoginPageTest -->
