<?xml version="1.0" encoding="UTF-8"?>
<!-- Generated by org.testng.reporters.JUnitReportReporter -->
<testsuite hostname="cgvak-lt271" failures="0" tests="1" name="sauceproject.testcase.cartpagetest" time="3.422" errors="0" timestamp="27 Sep 2024 11:21:06 GMT">
  <testcase classname="sauceproject.testcase.cartpagetest" name="verifycartpageproducts" time="3.422"/>
</testsuite> <!-- sauceproject.testcase.cartpagetest -->
