<?xml version="1.0" encoding="UTF-8"?>
<!-- Generated by org.testng.reporters.JUnitReportReporter -->
<testsuite hostname="cgvak-lt271" failures="0" tests="1" name="sauceproject.testcase.productcataloguetest" time="3.069" errors="0" timestamp="27 Sep 2024 11:21:06 GMT">
  <testcase classname="sauceproject.testcase.productcataloguetest" name="getproductsdromlist" time="3.069"/>
</testsuite> <!-- sauceproject.testcase.productcataloguetest -->
